# JRE version: Java(TM) SE Runtime Environment (8.0_131-b11) (build 1.8.0_131-b11)
# Java VM: Java HotSpot(TM) 64-Bit Server VM (25.131-b11 mixed mode windows-amd64 compressed oops)
Heap:
 PSYoungGen      total 244224K, used 244016K [0x000000076b400000, 0x000000078ad80000, 0x00000007c0000000)
  eden space 233472K, 100% used [0x000000076b400000,0x0000000779800000,0x0000000779800000)
  from space 10752K, 98% used [0x0000000788580000,0x0000000788fcc120,0x0000000789000000)
  to   space 28160K, 3% used [0x0000000789200000,0x00000007892d8000,0x000000078ad80000)
 ParOldGen       total 82944K, used 62738K [0x00000006c1c00000, 0x00000006c6d00000, 0x000000076b400000)
  object space 82944K, 75% used [0x00000006c1c00000,0x00000006c5944a00,0x00000006c6d00000)
 Metaspace       used 30571K, capacity 32726K, committed 32896K, reserved 1077248K
  class space    used 3975K, capacity 4358K, committed 4480K, reserved 1048576K
GC Heap History (10 events):
Event: 103.539 GC heap after
Heap after GC invocations=6 (full 1):
 PSYoungGen      total 140288K, used 10736K [0x000000076b400000, 0x000000077e480000, 0x00000007c0000000)
  eden space 129536K, 0% used [0x000000076b400000,0x000000076b400000,0x0000000773280000)
  from space 10752K, 99% used [0x0000000773280000,0x0000000773cfc090,0x0000000773d00000)
  to   space 28672K, 0% used [0x000000077c880000,0x000000077c880000,0x000000077e480000)
 ParOldGen       total 82944K, used 39396K [0x00000006c1c00000, 0x00000006c6d00000, 0x000000076b400000)
  object space 82944K, 47% used [0x00000006c1c00000,0x00000006c42791c0,0x00000006c6d00000)
 Metaspace       used 28449K, capacity 30438K, committed 30592K, reserved 1075200K
  class space    used 3752K, capacity 4122K, committed 4224K, reserved 1048576K
}
Event: 164.547 GC heap before
{Heap before GC invocations=7 (full 1):
 PSYoungGen      total 140288K, used 140272K [0x000000076b400000, 0x000000077e480000, 0x00000007c0000000)
  eden space 129536K, 100% used [0x000000076b400000,0x0000000773280000,0x0000000773280000)
  from space 10752K, 99% used [0x0000000773280000,0x0000000773cfc090,0x0000000773d00000)
  to   space 28672K, 0% used [0x000000077c880000,0x000000077c880000,0x000000077e480000)
 ParOldGen       total 82944K, used 39396K [0x00000006c1c00000, 0x00000006c6d00000, 0x000000076b400000)
  object space 82944K, 47% used [0x00000006c1c00000,0x00000006c42791c0,0x00000006c6d00000)
 Metaspace       used 29721K, capacity 31720K, committed 32000K, reserved 1077248K
  class space    used 3908K, capacity 4269K, committed 4352K, reserved 1048576K
Event: 164.562 GC heap after
Heap after GC invocations=7 (full 1):
 PSYoungGen      total 275968K, used 14656K [0x000000076b400000, 0x000000077df80000, 0x00000007c0000000)
  eden space 252416K, 0% used [0x000000076b400000,0x000000076b400000,0x000000077aa80000)
  from space 23552K, 62% used [0x000000077c880000,0x000000077d6d00a0,0x000000077df80000)
  to   space 27136K, 0% used [0x000000077aa80000,0x000000077aa80000,0x000000077c500000)
 ParOldGen       total 82944K, used 39404K [0x00000006c1c00000, 0x00000006c6d00000, 0x000000076b400000)
  object space 82944K, 47% used [0x00000006c1c00000,0x00000006c427b1c0,0x00000006c6d00000)
 Metaspace       used 29721K, capacity 31720K, committed 32000K, reserved 1077248K
  class space    used 3908K, capacity 4269K, committed 4352K, reserved 1048576K
}
Event: 260.581 GC heap before
{Heap before GC invocations=8 (full 1):
 PSYoungGen      total 275968K, used 267072K [0x000000076b400000, 0x000000077df80000, 0x00000007c0000000)
  eden space 252416K, 100% used [0x000000076b400000,0x000000077aa80000,0x000000077aa80000)
  from space 23552K, 62% used [0x000000077c880000,0x000000077d6d00a0,0x000000077df80000)
  to   space 27136K, 0% used [0x000000077aa80000,0x000000077aa80000,0x000000077c500000)
 ParOldGen       total 82944K, used 39404K [0x00000006c1c00000, 0x00000006c6d00000, 0x000000076b400000)
  object space 82944K, 47% used [0x00000006c1c00000,0x00000006c427b1c0,0x00000006c6d00000)
 Metaspace       used 30306K, capacity 32458K, committed 32640K, reserved 1077248K
  class space    used 3969K, capacity 4358K, committed 4480K, reserved 1048576K
Event: 260.608 GC heap after
Heap after GC invocations=8 (full 1):
 PSYoungGen      total 279552K, used 23328K [0x000000076b400000, 0x000000078c980000, 0x00000007c0000000)
  eden space 252416K, 0% used [0x000000076b400000,0x000000076b400000,0x000000077aa80000)
  from space 27136K, 85% used [0x000000077aa80000,0x000000077c1480c0,0x000000077c500000)
  to   space 29184K, 0% used [0x000000078ad00000,0x000000078ad00000,0x000000078c980000)
 ParOldGen       total 82944K, used 39412K [0x00000006c1c00000, 0x00000006c6d00000, 0x000000076b400000)
  object space 82944K, 47% used [0x00000006c1c00000,0x00000006c427d1c0,0x00000006c6d00000)
 Metaspace       used 30306K, capacity 32458K, committed 32640K, reserved 1077248K
  class space    used 3969K, capacity 4358K, committed 4480K, reserved 1048576K
}
Event: 524.952 GC heap before
{Heap before GC invocations=9 (full 1):
 PSYoungGen      total 279552K, used 275744K [0x000000076b400000, 0x000000078c980000, 0x00000007c0000000)
  eden space 252416K, 100% used [0x000000076b400000,0x000000077aa80000,0x000000077aa80000)
  from space 27136K, 85% used [0x000000077aa80000,0x000000077c1480c0,0x000000077c500000)
  to   space 29184K, 0% used [0x000000078ad00000,0x000000078ad00000,0x000000078c980000)
 ParOldGen       total 82944K, used 39412K [0x00000006c1c00000, 0x00000006c6d00000, 0x000000076b400000)
  object space 82944K, 47% used [0x00000006c1c00000,0x00000006c427d1c0,0x00000006c6d00000)
 Metaspace       used 30506K, capacity 32662K, committed 32896K, reserved 1077248K
  class space    used 3974K, capacity 4358K, committed 4480K, reserved 1048576K
Event: 524.981 GC heap after
Heap after GC invocations=9 (full 1):
 PSYoungGen      total 258560K, used 15584K [0x000000076b400000, 0x000000078bc80000, 0x00000007c0000000)
  eden space 242688K, 0% used [0x000000076b400000,0x000000076b400000,0x000000077a100000)
  from space 15872K, 98% used [0x000000078ad00000,0x000000078bc38000,0x000000078bc80000)
  to   space 28160K, 0% used [0x0000000788580000,0x0000000788580000,0x000000078a100000)
 ParOldGen       total 82944K, used 47632K [0x00000006c1c00000, 0x00000006c6d00000, 0x000000076b400000)
  object space 82944K, 57% used [0x00000006c1c00000,0x00000006c4a841c0,0x00000006c6d00000)
 Metaspace       used 30506K, capacity 32662K, committed 32896K, reserved 1077248K
  class space    used 3974K, capacity 4358K, committed 4480K, reserved 1048576K
}
Event: 821.550 GC heap before
{Heap before GC invocations=10 (full 1):
 PSYoungGen      total 258560K, used 258272K [0x000000076b400000, 0x000000078bc80000, 0x00000007c0000000)
  eden space 242688K, 100% used [0x000000076b400000,0x000000077a100000,0x000000077a100000)
  from space 15872K, 98% used [0x000000078ad00000,0x000000078bc38000,0x000000078bc80000)
  to   space 28160K, 0% used [0x0000000788580000,0x0000000788580000,0x000000078a100000)
 ParOldGen       total 82944K, used 47632K [0x00000006c1c00000, 0x00000006c6d00000, 0x000000076b400000)
  object space 82944K, 57% used [0x00000006c1c00000,0x00000006c4a841c0,0x00000006c6d00000)
 Metaspace       used 30549K, capacity 32662K, committed 32896K, reserved 1077248K
  class space    used 3975K, capacity 4358K, committed 4480K, reserved 1048576K
Event: 821.573 GC heap after
Heap after GC invocations=10 (full 1):
 PSYoungGen      total 244224K, used 10544K [0x000000076b400000, 0x000000078ad80000, 0x00000007c0000000)
  eden space 233472K, 0% used [0x000000076b400000,0x000000076b400000,0x0000000779800000)
  from space 10752K, 98% used [0x0000000788580000,0x0000000788fcc120,0x0000000789000000)
  to   space 28160K, 0% used [0x0000000789200000,0x0000000789200000,0x000000078ad80000)
 ParOldGen       total 82944K, used 52980K [0x00000006c1c00000, 0x00000006c6d00000, 0x000000076b400000)
  object space 82944K, 63% used [0x00000006c1c00000,0x00000006c4fbd1e0,0x00000006c6d00000)
 Metaspace       used 30549K, capacity 32662K, committed 32896K, reserved 1077248K
  class space    used 3975K, capacity 4358K, committed 4480K, reserved 1048576K
}
Event: 1116.678 GC heap before
{Heap before GC invocations=11 (full 1):
 PSYoungGen      total 244224K, used 244016K [0x000000076b400000, 0x000000078ad80000, 0x00000007c0000000)
  eden space 233472K, 100% used [0x000000076b400000,0x0000000779800000,0x0000000779800000)
  from space 10752K, 98% used [0x0000000788580000,0x0000000788fcc120,0x0000000789000000)
  to   space 28160K, 0% used [0x0000000789200000,0x0000000789200000,0x000000078ad80000)
 ParOldGen       total 82944K, used 52980K [0x00000006c1c00000, 0x00000006c6d00000, 0x000000076b400000)
  object space 82944K, 63% used [0x00000006c1c00000,0x00000006c4fbd1e0,0x00000006c6d00000)
 Metaspace       used 30571K, capacity 32726K, committed 32896K, reserved 1077248K
  class space    used 3975K, capacity 4358K, committed 4480K, reserved 1048576K

